[0.338s] DEBUG:colcon:Command line arguments: ['/usr/bin/colcon', 'build', '--packages-select', 'my_robot']
[0.338s] DEBUG:colcon:Parsed command line arguments: Namespace(log_base=None, log_level=None, verb_name='build', build_base='build', install_base='install', merge_install=False, symlink_install=False, test_result_base=None, continue_on_error=False, executor='parallel', parallel_workers=2, event_handlers=None, ignore_user_meta=False, metas=['./colcon.meta'], base_paths=['.'], packages_ignore=None, packages_ignore_regex=None, paths=None, packages_up_to=None, packages_up_to_regex=None, packages_above=None, packages_above_and_dependencies=None, packages_above_depth=None, packages_select_by_dep=None, packages_skip_by_dep=None, packages_skip_up_to=None, packages_select_build_failed=False, packages_skip_build_finished=False, packages_select_test_failures=False, packages_skip_test_passed=False, packages_select=['my_robot'], packages_skip=None, packages_select_regex=None, packages_skip_regex=None, packages_start=None, packages_end=None, allow_overriding=[], cmake_args=None, cmake_target=None, cmake_target_skip_unavailable=False, cmake_clean_cache=False, cmake_clean_first=False, cmake_force_configure=False, ament_cmake_args=None, catkin_cmake_args=None, catkin_skip_building_tests=False, mixin_files=None, mixin=None, verb_parser=<colcon_mixin.mixin.mixin_argument.MixinArgumentDecorator object at 0x7174e0c8ae40>, verb_extension=<colcon_core.verb.build.BuildVerb object at 0x7174e0c8a7b0>, main=<bound method BuildVerb.main of <colcon_core.verb.build.BuildVerb object at 0x7174e0c8a7b0>>, mixin_verb=('build',))
[0.400s] Level 1:colcon.colcon_core.package_discovery:discover_packages(colcon_meta) check parameters
[0.401s] Level 1:colcon.colcon_core.package_discovery:discover_packages(recursive) check parameters
[0.401s] Level 1:colcon.colcon_core.package_discovery:discover_packages(ignore) check parameters
[0.401s] Level 1:colcon.colcon_core.package_discovery:discover_packages(path) check parameters
[0.401s] Level 1:colcon.colcon_core.package_discovery:discover_packages(colcon_meta) discover
[0.401s] Level 1:colcon.colcon_core.package_discovery:discover_packages(recursive) discover
[0.401s] INFO:colcon.colcon_core.package_discovery:Crawling recursively for packages in '/home/ivan/Ivan/my_robot'
[0.401s] Level 1:colcon.colcon_core.package_identification:_identify(.) by extensions ['ignore', 'ignore_ament_install']
[0.401s] Level 1:colcon.colcon_core.package_identification:_identify(.) by extension 'ignore'
[0.401s] Level 1:colcon.colcon_core.package_identification:_identify(.) by extension 'ignore_ament_install'
[0.401s] Level 1:colcon.colcon_core.package_identification:_identify(.) by extensions ['colcon_pkg']
[0.401s] Level 1:colcon.colcon_core.package_identification:_identify(.) by extension 'colcon_pkg'
[0.401s] Level 1:colcon.colcon_core.package_identification:_identify(.) by extensions ['colcon_meta']
[0.401s] Level 1:colcon.colcon_core.package_identification:_identify(.) by extension 'colcon_meta'
[0.401s] Level 1:colcon.colcon_core.package_identification:_identify(.) by extensions ['ros']
[0.401s] Level 1:colcon.colcon_core.package_identification:_identify(.) by extension 'ros'
[0.431s] DEBUG:colcon.colcon_core.package_identification:Package '.' with type 'ros.ament_cmake' and name 'my_robot'
[0.431s] Level 1:colcon.colcon_core.package_discovery:discover_packages(recursive) using defaults
[0.431s] Level 1:colcon.colcon_core.package_discovery:discover_packages(ignore) discover
[0.431s] Level 1:colcon.colcon_core.package_discovery:discover_packages(ignore) using defaults
[0.431s] Level 1:colcon.colcon_core.package_discovery:discover_packages(path) discover
[0.431s] Level 1:colcon.colcon_core.package_discovery:discover_packages(path) using defaults
[0.452s] Level 1:colcon.colcon_core.package_discovery:discover_packages(prefix_path) check parameters
[0.452s] Level 1:colcon.colcon_core.package_discovery:discover_packages(prefix_path) discover
[0.454s] WARNING:colcon.colcon_ros.prefix_path.ament:The path '/home/ivan/Ivan/my_robot/install/my_robot' in the environment variable AMENT_PREFIX_PATH doesn't exist
[0.454s] WARNING:colcon.colcon_ros.prefix_path.catkin:The path '/home/ivan/Ivan/my_robot/install/my_robot' in the environment variable CMAKE_PREFIX_PATH doesn't exist
[0.455s] DEBUG:colcon.colcon_installed_package_information.package_discovery:Found 0 installed packages in /home/ivan/Ivan/my_robot/install
[0.457s] DEBUG:colcon.colcon_installed_package_information.package_discovery:Found 388 installed packages in /opt/ros/kilted
[0.459s] Level 1:colcon.colcon_core.package_discovery:discover_packages(prefix_path) using defaults
[0.544s] Level 5:colcon.colcon_core.verb:set package 'my_robot' build argument 'cmake_args' from command line to 'None'
[0.544s] Level 5:colcon.colcon_core.verb:set package 'my_robot' build argument 'cmake_target' from command line to 'None'
[0.544s] Level 5:colcon.colcon_core.verb:set package 'my_robot' build argument 'cmake_target_skip_unavailable' from command line to 'False'
[0.544s] Level 5:colcon.colcon_core.verb:set package 'my_robot' build argument 'cmake_clean_cache' from command line to 'False'
[0.544s] Level 5:colcon.colcon_core.verb:set package 'my_robot' build argument 'cmake_clean_first' from command line to 'False'
[0.544s] Level 5:colcon.colcon_core.verb:set package 'my_robot' build argument 'cmake_force_configure' from command line to 'False'
[0.544s] Level 5:colcon.colcon_core.verb:set package 'my_robot' build argument 'ament_cmake_args' from command line to 'None'
[0.544s] Level 5:colcon.colcon_core.verb:set package 'my_robot' build argument 'catkin_cmake_args' from command line to 'None'
[0.544s] Level 5:colcon.colcon_core.verb:set package 'my_robot' build argument 'catkin_skip_building_tests' from command line to 'False'
[0.544s] DEBUG:colcon.colcon_core.verb:Building package 'my_robot' with the following arguments: {'ament_cmake_args': None, 'build_base': '/home/ivan/Ivan/my_robot/build/my_robot', 'catkin_cmake_args': None, 'catkin_skip_building_tests': False, 'cmake_args': None, 'cmake_clean_cache': False, 'cmake_clean_first': False, 'cmake_force_configure': False, 'cmake_target': None, 'cmake_target_skip_unavailable': False, 'install_base': '/home/ivan/Ivan/my_robot/install/my_robot', 'merge_install': False, 'path': '/home/ivan/Ivan/my_robot', 'symlink_install': False, 'test_result_base': None}
[0.544s] INFO:colcon.colcon_core.executor:Executing jobs using 'parallel' executor
[0.545s] DEBUG:colcon.colcon_parallel_executor.executor.parallel:run_until_complete
[0.545s] INFO:colcon.colcon_ros.task.ament_cmake.build:Building ROS package in '/home/ivan/Ivan/my_robot' with build type 'ament_cmake'
[0.545s] INFO:colcon.colcon_cmake.task.cmake.build:Building CMake package in '/home/ivan/Ivan/my_robot'
[0.549s] INFO:colcon.colcon_core.plugin_system:Skipping extension 'colcon_core.shell.bat': Not used on non-Windows systems
[0.549s] INFO:colcon.colcon_core.shell:Skip shell extension 'powershell' for command environment: Not usable outside of PowerShell
[0.549s] DEBUG:colcon.colcon_core.shell:Skip shell extension 'dsv' for command environment
[0.561s] DEBUG:colcon.colcon_core.event_handler.log_command:Invoking command in '/home/ivan/Ivan/my_robot/build/my_robot': CMAKE_PREFIX_PATH=${CMAKE_PREFIX_PATH}:/opt/ros/kilted DEBUGINFOD_URLS=https://debuginfod.ubuntu.com /usr/bin/cmake /home/ivan/Ivan/my_robot -DCMAKE_INSTALL_PREFIX=/home/ivan/Ivan/my_robot/install/my_robot
[1.471s] DEBUG:colcon.colcon_core.event_handler.log_command:Invoked command in '/home/ivan/Ivan/my_robot/build/my_robot' returned '0': CMAKE_PREFIX_PATH=${CMAKE_PREFIX_PATH}:/opt/ros/kilted DEBUGINFOD_URLS=https://debuginfod.ubuntu.com /usr/bin/cmake /home/ivan/Ivan/my_robot -DCMAKE_INSTALL_PREFIX=/home/ivan/Ivan/my_robot/install/my_robot
[1.471s] DEBUG:colcon.colcon_core.event_handler.log_command:Invoking command in '/home/ivan/Ivan/my_robot/build/my_robot': CMAKE_PREFIX_PATH=${CMAKE_PREFIX_PATH}:/opt/ros/kilted DEBUGINFOD_URLS=https://debuginfod.ubuntu.com /usr/bin/cmake --build /home/ivan/Ivan/my_robot/build/my_robot -- -j2 -l2
[8.624s] DEBUG:colcon.colcon_parallel_executor.executor.parallel:run_until_complete was interrupted
[8.624s] DEBUG:colcon.colcon_parallel_executor.executor.parallel:run_until_complete again
[8.660s] Level 1:colcon.colcon_core.environment:create_environment_scripts_only(my_robot)
[8.661s] DEBUG:colcon.colcon_core.event_handler.log_command:Invoked command in '/home/ivan/Ivan/my_robot/build/my_robot' returned '-2': CMAKE_PREFIX_PATH=${CMAKE_PREFIX_PATH}:/opt/ros/kilted DEBUGINFOD_URLS=https://debuginfod.ubuntu.com /usr/bin/cmake --build /home/ivan/Ivan/my_robot/build/my_robot -- -j2 -l2
[8.667s] Level 1:colcon.colcon_core.environment:checking '/home/ivan/Ivan/my_robot/install/my_robot' for CMake module files
[8.668s] Level 1:colcon.colcon_core.environment:checking '/home/ivan/Ivan/my_robot/install/my_robot' for CMake config files
[8.668s] Level 1:colcon.colcon_core.environment:checking '/home/ivan/Ivan/my_robot/install/my_robot/bin'
[8.668s] Level 1:colcon.colcon_core.environment:checking '/home/ivan/Ivan/my_robot/install/my_robot/lib/pkgconfig/my_robot.pc'
[8.668s] Level 1:colcon.colcon_core.environment:checking '/home/ivan/Ivan/my_robot/install/my_robot/lib/python3.12/site-packages'
[8.668s] Level 1:colcon.colcon_core.environment:checking '/home/ivan/Ivan/my_robot/install/my_robot/bin'
[8.668s] INFO:colcon.colcon_core.shell:Creating package script '/home/ivan/Ivan/my_robot/install/my_robot/share/my_robot/package.ps1'
[8.669s] INFO:colcon.colcon_core.shell:Creating package descriptor '/home/ivan/Ivan/my_robot/install/my_robot/share/my_robot/package.dsv'
[8.670s] INFO:colcon.colcon_core.shell:Creating package script '/home/ivan/Ivan/my_robot/install/my_robot/share/my_robot/package.sh'
[8.671s] INFO:colcon.colcon_core.shell:Creating package script '/home/ivan/Ivan/my_robot/install/my_robot/share/my_robot/package.bash'
[8.672s] INFO:colcon.colcon_core.shell:Creating package script '/home/ivan/Ivan/my_robot/install/my_robot/share/my_robot/package.zsh'
[8.673s] Level 1:colcon.colcon_core.environment:create_file_with_runtime_dependencies(/home/ivan/Ivan/my_robot/install/my_robot/share/colcon-core/packages/my_robot)
[8.684s] DEBUG:colcon.colcon_parallel_executor.executor.parallel:run_until_complete finished
[8.684s] DEBUG:colcon.colcon_parallel_executor.executor.parallel:closing loop
[8.684s] DEBUG:colcon.colcon_parallel_executor.executor.parallel:loop closed
[8.684s] DEBUG:colcon.colcon_core.event_reactor:joining thread
[8.698s] INFO:colcon.colcon_core.plugin_system:Skipping extension 'colcon_notification.desktop_notification.terminal_notifier': Not used on non-Darwin systems
[8.698s] INFO:colcon.colcon_core.plugin_system:Skipping extension 'colcon_notification.desktop_notification.win32': Not used on non-Windows systems
[8.699s] INFO:colcon.colcon_notification.desktop_notification:Sending desktop notification using 'notify2'
[8.785s] DEBUG:colcon.colcon_core.event_reactor:joined thread
[8.786s] INFO:colcon.colcon_core.shell:Creating prefix script '/home/ivan/Ivan/my_robot/install/local_setup.ps1'
[8.787s] INFO:colcon.colcon_core.shell:Creating prefix util module '/home/ivan/Ivan/my_robot/install/_local_setup_util_ps1.py'
[8.788s] INFO:colcon.colcon_core.shell:Creating prefix chain script '/home/ivan/Ivan/my_robot/install/setup.ps1'
[8.789s] INFO:colcon.colcon_core.shell:Creating prefix script '/home/ivan/Ivan/my_robot/install/local_setup.sh'
[8.790s] INFO:colcon.colcon_core.shell:Creating prefix util module '/home/ivan/Ivan/my_robot/install/_local_setup_util_sh.py'
[8.791s] INFO:colcon.colcon_core.shell:Creating prefix chain script '/home/ivan/Ivan/my_robot/install/setup.sh'
[8.792s] INFO:colcon.colcon_core.shell:Creating prefix script '/home/ivan/Ivan/my_robot/install/local_setup.bash'
[8.792s] INFO:colcon.colcon_core.shell:Creating prefix chain script '/home/ivan/Ivan/my_robot/install/setup.bash'
[8.796s] INFO:colcon.colcon_core.shell:Creating prefix script '/home/ivan/Ivan/my_robot/install/local_setup.zsh'
[8.798s] INFO:colcon.colcon_core.shell:Creating prefix chain script '/home/ivan/Ivan/my_robot/install/setup.zsh'
