[0.092s] DEBUG:colcon:Command line arguments: ['/usr/bin/colcon', 'build', '--packages-select', 'my_robot']
[0.093s] DEBUG:colcon:Parsed command line arguments: Namespace(log_base=None, log_level=None, verb_name='build', build_base='build', install_base='install', merge_install=False, symlink_install=False, test_result_base=None, continue_on_error=False, executor='parallel', parallel_workers=2, event_handlers=None, ignore_user_meta=False, metas=['./colcon.meta'], base_paths=['.'], packages_ignore=None, packages_ignore_regex=None, paths=None, packages_up_to=None, packages_up_to_regex=None, packages_above=None, packages_above_and_dependencies=None, packages_above_depth=None, packages_select_by_dep=None, packages_skip_by_dep=None, packages_skip_up_to=None, packages_select_build_failed=False, packages_skip_build_finished=False, packages_select_test_failures=False, packages_skip_test_passed=False, packages_select=['my_robot'], packages_skip=None, packages_select_regex=None, packages_skip_regex=None, packages_start=None, packages_end=None, allow_overriding=[], cmake_args=None, cmake_target=None, cmake_target_skip_unavailable=False, cmake_clean_cache=False, cmake_clean_first=False, cmake_force_configure=False, ament_cmake_args=None, catkin_cmake_args=None, catkin_skip_building_tests=False, mixin_files=None, mixin=None, verb_parser=<colcon_mixin.mixin.mixin_argument.MixinArgumentDecorator object at 0x73a1c2e9ec60>, verb_extension=<colcon_core.verb.build.BuildVerb object at 0x73a1c2e9e690>, main=<bound method BuildVerb.main of <colcon_core.verb.build.BuildVerb object at 0x73a1c2e9e690>>, mixin_verb=('build',))
[0.120s] Level 1:colcon.colcon_core.package_discovery:discover_packages(colcon_meta) check parameters
[0.120s] Level 1:colcon.colcon_core.package_discovery:discover_packages(recursive) check parameters
[0.120s] Level 1:colcon.colcon_core.package_discovery:discover_packages(ignore) check parameters
[0.120s] Level 1:colcon.colcon_core.package_discovery:discover_packages(path) check parameters
[0.120s] Level 1:colcon.colcon_core.package_discovery:discover_packages(colcon_meta) discover
[0.120s] Level 1:colcon.colcon_core.package_discovery:discover_packages(recursive) discover
[0.120s] INFO:colcon.colcon_core.package_discovery:Crawling recursively for packages in '/home/ivan/Ivan/my_robot'
[0.120s] Level 1:colcon.colcon_core.package_identification:_identify(.) by extensions ['ignore', 'ignore_ament_install']
[0.120s] Level 1:colcon.colcon_core.package_identification:_identify(.) by extension 'ignore'
[0.120s] Level 1:colcon.colcon_core.package_identification:_identify(.) by extension 'ignore_ament_install'
[0.120s] Level 1:colcon.colcon_core.package_identification:_identify(.) by extensions ['colcon_pkg']
[0.121s] Level 1:colcon.colcon_core.package_identification:_identify(.) by extension 'colcon_pkg'
[0.121s] Level 1:colcon.colcon_core.package_identification:_identify(.) by extensions ['colcon_meta']
[0.121s] Level 1:colcon.colcon_core.package_identification:_identify(.) by extension 'colcon_meta'
[0.121s] Level 1:colcon.colcon_core.package_identification:_identify(.) by extensions ['ros']
[0.121s] Level 1:colcon.colcon_core.package_identification:_identify(.) by extension 'ros'
[0.140s] DEBUG:colcon.colcon_core.package_identification:Package '.' with type 'ros.ament_cmake' and name 'my_robot'
[0.140s] Level 1:colcon.colcon_core.package_discovery:discover_packages(recursive) using defaults
[0.140s] Level 1:colcon.colcon_core.package_discovery:discover_packages(ignore) discover
[0.140s] Level 1:colcon.colcon_core.package_discovery:discover_packages(ignore) using defaults
[0.140s] Level 1:colcon.colcon_core.package_discovery:discover_packages(path) discover
[0.140s] Level 1:colcon.colcon_core.package_discovery:discover_packages(path) using defaults
[0.153s] Level 1:colcon.colcon_core.package_discovery:discover_packages(prefix_path) check parameters
[0.153s] Level 1:colcon.colcon_core.package_discovery:discover_packages(prefix_path) discover
[0.154s] DEBUG:colcon.colcon_installed_package_information.package_discovery:Found 1 installed packages in /home/ivan/Ivan/my_robot/install
[0.156s] DEBUG:colcon.colcon_installed_package_information.package_discovery:Found 388 installed packages in /opt/ros/kilted
[0.158s] Level 1:colcon.colcon_core.package_discovery:discover_packages(prefix_path) using defaults
[0.196s] Level 5:colcon.colcon_core.verb:set package 'my_robot' build argument 'cmake_args' from command line to 'None'
[0.196s] Level 5:colcon.colcon_core.verb:set package 'my_robot' build argument 'cmake_target' from command line to 'None'
[0.196s] Level 5:colcon.colcon_core.verb:set package 'my_robot' build argument 'cmake_target_skip_unavailable' from command line to 'False'
[0.196s] Level 5:colcon.colcon_core.verb:set package 'my_robot' build argument 'cmake_clean_cache' from command line to 'False'
[0.196s] Level 5:colcon.colcon_core.verb:set package 'my_robot' build argument 'cmake_clean_first' from command line to 'False'
[0.196s] Level 5:colcon.colcon_core.verb:set package 'my_robot' build argument 'cmake_force_configure' from command line to 'False'
[0.196s] Level 5:colcon.colcon_core.verb:set package 'my_robot' build argument 'ament_cmake_args' from command line to 'None'
[0.196s] Level 5:colcon.colcon_core.verb:set package 'my_robot' build argument 'catkin_cmake_args' from command line to 'None'
[0.196s] Level 5:colcon.colcon_core.verb:set package 'my_robot' build argument 'catkin_skip_building_tests' from command line to 'False'
[0.196s] DEBUG:colcon.colcon_core.verb:Building package 'my_robot' with the following arguments: {'ament_cmake_args': None, 'build_base': '/home/ivan/Ivan/my_robot/build/my_robot', 'catkin_cmake_args': None, 'catkin_skip_building_tests': False, 'cmake_args': None, 'cmake_clean_cache': False, 'cmake_clean_first': False, 'cmake_force_configure': False, 'cmake_target': None, 'cmake_target_skip_unavailable': False, 'install_base': '/home/ivan/Ivan/my_robot/install/my_robot', 'merge_install': False, 'path': '/home/ivan/Ivan/my_robot', 'symlink_install': False, 'test_result_base': None}
[0.197s] INFO:colcon.colcon_core.executor:Executing jobs using 'parallel' executor
[0.197s] DEBUG:colcon.colcon_parallel_executor.executor.parallel:run_until_complete
[0.197s] INFO:colcon.colcon_ros.task.ament_cmake.build:Building ROS package in '/home/ivan/Ivan/my_robot' with build type 'ament_cmake'
[0.197s] INFO:colcon.colcon_cmake.task.cmake.build:Building CMake package in '/home/ivan/Ivan/my_robot'
[0.198s] INFO:colcon.colcon_core.plugin_system:Skipping extension 'colcon_core.shell.bat': Not used on non-Windows systems
[0.199s] INFO:colcon.colcon_core.shell:Skip shell extension 'powershell' for command environment: Not usable outside of PowerShell
[0.199s] DEBUG:colcon.colcon_core.shell:Skip shell extension 'dsv' for command environment
[0.212s] DEBUG:colcon.colcon_core.event_handler.log_command:Invoking command in '/home/ivan/Ivan/my_robot/build/my_robot': CMAKE_PREFIX_PATH=${CMAKE_PREFIX_PATH}:/opt/ros/kilted DEBUGINFOD_URLS=https://debuginfod.ubuntu.com /usr/bin/cmake --build /home/ivan/Ivan/my_robot/build/my_robot -- -j2 -l2
[10.101s] DEBUG:colcon.colcon_core.event_handler.log_command:Invoked command in '/home/ivan/Ivan/my_robot/build/my_robot' returned '0': CMAKE_PREFIX_PATH=${CMAKE_PREFIX_PATH}:/opt/ros/kilted DEBUGINFOD_URLS=https://debuginfod.ubuntu.com /usr/bin/cmake --build /home/ivan/Ivan/my_robot/build/my_robot -- -j2 -l2
[10.110s] DEBUG:colcon.colcon_core.event_handler.log_command:Invoking command in '/home/ivan/Ivan/my_robot/build/my_robot': CMAKE_PREFIX_PATH=${CMAKE_PREFIX_PATH}:/opt/ros/kilted DEBUGINFOD_URLS=https://debuginfod.ubuntu.com /usr/bin/cmake --install /home/ivan/Ivan/my_robot/build/my_robot
[10.128s] Level 1:colcon.colcon_core.environment:create_environment_scripts_only(my_robot)
[10.129s] DEBUG:colcon.colcon_core.event_handler.log_command:Invoked command in '/home/ivan/Ivan/my_robot/build/my_robot' returned '0': CMAKE_PREFIX_PATH=${CMAKE_PREFIX_PATH}:/opt/ros/kilted DEBUGINFOD_URLS=https://debuginfod.ubuntu.com /usr/bin/cmake --install /home/ivan/Ivan/my_robot/build/my_robot
[10.134s] Level 1:colcon.colcon_core.environment:checking '/home/ivan/Ivan/my_robot/install/my_robot' for CMake module files
[10.135s] Level 1:colcon.colcon_core.environment:checking '/home/ivan/Ivan/my_robot/install/my_robot' for CMake config files
[10.136s] Level 1:colcon.colcon_core.shell:create_environment_hook('my_robot', 'cmake_prefix_path')
[10.136s] INFO:colcon.colcon_core.shell:Creating environment hook '/home/ivan/Ivan/my_robot/install/my_robot/share/my_robot/hook/cmake_prefix_path.ps1'
[10.137s] INFO:colcon.colcon_core.shell:Creating environment descriptor '/home/ivan/Ivan/my_robot/install/my_robot/share/my_robot/hook/cmake_prefix_path.dsv'
[10.137s] INFO:colcon.colcon_core.shell:Creating environment hook '/home/ivan/Ivan/my_robot/install/my_robot/share/my_robot/hook/cmake_prefix_path.sh'
[10.138s] Level 1:colcon.colcon_core.environment:checking '/home/ivan/Ivan/my_robot/install/my_robot/lib'
[10.138s] Level 1:colcon.colcon_core.environment:checking '/home/ivan/Ivan/my_robot/install/my_robot/bin'
[10.138s] Level 1:colcon.colcon_core.environment:checking '/home/ivan/Ivan/my_robot/install/my_robot/lib/pkgconfig/my_robot.pc'
[10.139s] Level 1:colcon.colcon_core.environment:checking '/home/ivan/Ivan/my_robot/install/my_robot/lib/python3.12/site-packages'
[10.139s] Level 1:colcon.colcon_core.environment:checking '/home/ivan/Ivan/my_robot/install/my_robot/bin'
[10.139s] INFO:colcon.colcon_core.shell:Creating package script '/home/ivan/Ivan/my_robot/install/my_robot/share/my_robot/package.ps1'
[10.140s] INFO:colcon.colcon_core.shell:Creating package descriptor '/home/ivan/Ivan/my_robot/install/my_robot/share/my_robot/package.dsv'
[10.141s] INFO:colcon.colcon_core.shell:Creating package script '/home/ivan/Ivan/my_robot/install/my_robot/share/my_robot/package.sh'
[10.141s] INFO:colcon.colcon_core.shell:Creating package script '/home/ivan/Ivan/my_robot/install/my_robot/share/my_robot/package.bash'
[10.142s] INFO:colcon.colcon_core.shell:Creating package script '/home/ivan/Ivan/my_robot/install/my_robot/share/my_robot/package.zsh'
[10.143s] Level 1:colcon.colcon_core.environment:create_file_with_runtime_dependencies(/home/ivan/Ivan/my_robot/install/my_robot/share/colcon-core/packages/my_robot)
[10.143s] Level 1:colcon.colcon_core.environment:create_environment_scripts_only(my_robot)
[10.143s] Level 1:colcon.colcon_core.environment:checking '/home/ivan/Ivan/my_robot/install/my_robot' for CMake module files
[10.144s] Level 1:colcon.colcon_core.environment:checking '/home/ivan/Ivan/my_robot/install/my_robot' for CMake config files
[10.144s] Level 1:colcon.colcon_core.shell:create_environment_hook('my_robot', 'cmake_prefix_path')
[10.144s] INFO:colcon.colcon_core.shell:Creating environment hook '/home/ivan/Ivan/my_robot/install/my_robot/share/my_robot/hook/cmake_prefix_path.ps1'
[10.145s] INFO:colcon.colcon_core.shell:Creating environment descriptor '/home/ivan/Ivan/my_robot/install/my_robot/share/my_robot/hook/cmake_prefix_path.dsv'
[10.145s] INFO:colcon.colcon_core.shell:Creating environment hook '/home/ivan/Ivan/my_robot/install/my_robot/share/my_robot/hook/cmake_prefix_path.sh'
[10.146s] Level 1:colcon.colcon_core.environment:checking '/home/ivan/Ivan/my_robot/install/my_robot/lib'
[10.146s] Level 1:colcon.colcon_core.environment:checking '/home/ivan/Ivan/my_robot/install/my_robot/bin'
[10.146s] Level 1:colcon.colcon_core.environment:checking '/home/ivan/Ivan/my_robot/install/my_robot/lib/pkgconfig/my_robot.pc'
[10.146s] Level 1:colcon.colcon_core.environment:checking '/home/ivan/Ivan/my_robot/install/my_robot/lib/python3.12/site-packages'
[10.146s] Level 1:colcon.colcon_core.environment:checking '/home/ivan/Ivan/my_robot/install/my_robot/bin'
[10.146s] INFO:colcon.colcon_core.shell:Creating package script '/home/ivan/Ivan/my_robot/install/my_robot/share/my_robot/package.ps1'
[10.147s] INFO:colcon.colcon_core.shell:Creating package descriptor '/home/ivan/Ivan/my_robot/install/my_robot/share/my_robot/package.dsv'
[10.147s] INFO:colcon.colcon_core.shell:Creating package script '/home/ivan/Ivan/my_robot/install/my_robot/share/my_robot/package.sh'
[10.148s] INFO:colcon.colcon_core.shell:Creating package script '/home/ivan/Ivan/my_robot/install/my_robot/share/my_robot/package.bash'
[10.148s] INFO:colcon.colcon_core.shell:Creating package script '/home/ivan/Ivan/my_robot/install/my_robot/share/my_robot/package.zsh'
[10.149s] Level 1:colcon.colcon_core.environment:create_file_with_runtime_dependencies(/home/ivan/Ivan/my_robot/install/my_robot/share/colcon-core/packages/my_robot)
[10.149s] DEBUG:colcon.colcon_parallel_executor.executor.parallel:closing loop
[10.149s] DEBUG:colcon.colcon_parallel_executor.executor.parallel:loop closed
[10.149s] DEBUG:colcon.colcon_parallel_executor.executor.parallel:run_until_complete finished with '0'
[10.149s] DEBUG:colcon.colcon_core.event_reactor:joining thread
[10.156s] INFO:colcon.colcon_core.plugin_system:Skipping extension 'colcon_notification.desktop_notification.terminal_notifier': Not used on non-Darwin systems
[10.156s] INFO:colcon.colcon_core.plugin_system:Skipping extension 'colcon_notification.desktop_notification.win32': Not used on non-Windows systems
[10.156s] INFO:colcon.colcon_notification.desktop_notification:Sending desktop notification using 'notify2'
[10.178s] DEBUG:colcon.colcon_core.event_reactor:joined thread
[10.178s] INFO:colcon.colcon_core.shell:Creating prefix script '/home/ivan/Ivan/my_robot/install/local_setup.ps1'
[10.179s] INFO:colcon.colcon_core.shell:Creating prefix util module '/home/ivan/Ivan/my_robot/install/_local_setup_util_ps1.py'
[10.180s] INFO:colcon.colcon_core.shell:Creating prefix chain script '/home/ivan/Ivan/my_robot/install/setup.ps1'
[10.181s] INFO:colcon.colcon_core.shell:Creating prefix script '/home/ivan/Ivan/my_robot/install/local_setup.sh'
[10.182s] INFO:colcon.colcon_core.shell:Creating prefix util module '/home/ivan/Ivan/my_robot/install/_local_setup_util_sh.py'
[10.183s] INFO:colcon.colcon_core.shell:Creating prefix chain script '/home/ivan/Ivan/my_robot/install/setup.sh'
[10.184s] INFO:colcon.colcon_core.shell:Creating prefix script '/home/ivan/Ivan/my_robot/install/local_setup.bash'
[10.185s] INFO:colcon.colcon_core.shell:Creating prefix chain script '/home/ivan/Ivan/my_robot/install/setup.bash'
[10.186s] INFO:colcon.colcon_core.shell:Creating prefix script '/home/ivan/Ivan/my_robot/install/local_setup.zsh'
[10.186s] INFO:colcon.colcon_core.shell:Creating prefix chain script '/home/ivan/Ivan/my_robot/install/setup.zsh'
