[0.017s] Invoking command in '/home/ivan/Ivan/my_robot/build/my_robot': CMAKE_PREFIX_PATH=${CMAKE_PREFIX_PATH}:/opt/ros/kilted DEBUGINFOD_URLS=https://debuginfod.ubuntu.com /usr/bin/cmake --build /home/ivan/Ivan/my_robot/build/my_robot -- -j2 -l2
[0.093s] [ 50%] [32mBuilding CXX object CMakeFiles/ik_solver.dir/src/ik_solver.cpp.o[0m
[11.501s] [100%] [32m[1mLinking CXX executable ik_solver[0m
[11.857s] [100%] Built target ik_solver
[11.870s] Invoked command in '/home/ivan/Ivan/my_robot/build/my_robot' returned '0': CMAKE_PREFIX_PATH=${CMAKE_PREFIX_PATH}:/opt/ros/kilted DEBUGINFOD_URLS=https://debuginfod.ubuntu.com /usr/bin/cmake --build /home/ivan/Ivan/my_robot/build/my_robot -- -j2 -l2
[11.883s] Invoking command in '/home/ivan/Ivan/my_robot/build/my_robot': CMAKE_PREFIX_PATH=${CMAKE_PREFIX_PATH}:/opt/ros/kilted DEBUGINFOD_URLS=https://debuginfod.ubuntu.com /usr/bin/cmake --install /home/ivan/Ivan/my_robot/build/my_robot
[11.894s] -- Install configuration: ""
[11.894s] -- Installing: /home/ivan/Ivan/my_robot/install/my_robot/lib/my_robot/ik_solver
[11.903s] -- Set non-toolchain portion of runtime path of "/home/ivan/Ivan/my_robot/install/my_robot/lib/my_robot/ik_solver" to ""
[11.903s] -- Up-to-date: /home/ivan/Ivan/my_robot/install/my_robot/share/my_robot/urdf
[11.904s] -- Up-to-date: /home/ivan/Ivan/my_robot/install/my_robot/share/my_robot/urdf/robot_arm.urdf
[11.904s] -- Up-to-date: /home/ivan/Ivan/my_robot/install/my_robot/share/my_robot/launch
[11.904s] -- Up-to-date: /home/ivan/Ivan/my_robot/install/my_robot/share/my_robot/launch/display.launch.py
[11.907s] -- Up-to-date: /home/ivan/Ivan/my_robot/install/my_robot/share/ament_index/resource_index/package_run_dependencies/my_robot
[11.907s] -- Up-to-date: /home/ivan/Ivan/my_robot/install/my_robot/share/ament_index/resource_index/parent_prefix_path/my_robot
[11.907s] -- Up-to-date: /home/ivan/Ivan/my_robot/install/my_robot/share/my_robot/environment/ament_prefix_path.sh
[11.907s] -- Up-to-date: /home/ivan/Ivan/my_robot/install/my_robot/share/my_robot/environment/ament_prefix_path.dsv
[11.907s] -- Up-to-date: /home/ivan/Ivan/my_robot/install/my_robot/share/my_robot/environment/path.sh
[11.907s] -- Up-to-date: /home/ivan/Ivan/my_robot/install/my_robot/share/my_robot/environment/path.dsv
[11.907s] -- Up-to-date: /home/ivan/Ivan/my_robot/install/my_robot/share/my_robot/local_setup.bash
[11.907s] -- Up-to-date: /home/ivan/Ivan/my_robot/install/my_robot/share/my_robot/local_setup.sh
[11.907s] -- Up-to-date: /home/ivan/Ivan/my_robot/install/my_robot/share/my_robot/local_setup.zsh
[11.907s] -- Up-to-date: /home/ivan/Ivan/my_robot/install/my_robot/share/my_robot/local_setup.dsv
[11.907s] -- Installing: /home/ivan/Ivan/my_robot/install/my_robot/share/my_robot/package.dsv
[11.907s] -- Up-to-date: /home/ivan/Ivan/my_robot/install/my_robot/share/ament_index/resource_index/packages/my_robot
[11.907s] -- Up-to-date: /home/ivan/Ivan/my_robot/install/my_robot/share/my_robot/cmake/my_robotConfig.cmake
[11.908s] -- Up-to-date: /home/ivan/Ivan/my_robot/install/my_robot/share/my_robot/cmake/my_robotConfig-version.cmake
[11.908s] -- Up-to-date: /home/ivan/Ivan/my_robot/install/my_robot/share/my_robot/package.xml
[11.908s] Invoked command in '/home/ivan/Ivan/my_robot/build/my_robot' returned '0': CMAKE_PREFIX_PATH=${CMAKE_PREFIX_PATH}:/opt/ros/kilted DEBUGINFOD_URLS=https://debuginfod.ubuntu.com /usr/bin/cmake --install /home/ivan/Ivan/my_robot/build/my_robot
