[ 50%] [32mBuilding CXX object CMakeFiles/ik_solver.dir/src/ik_solver.cpp.o[0m
[100%] [32m[1mLinking CXX executable ik_solver[0m
[100%] Built target ik_solver
-- Install configuration: ""
-- Installing: /home/ivan/Ivan/my_robot/install/my_robot/lib/my_robot/ik_solver
-- Set non-toolchain portion of runtime path of "/home/ivan/Ivan/my_robot/install/my_robot/lib/my_robot/ik_solver" to ""
-- Installing: /home/ivan/Ivan/my_robot/install/my_robot/share/my_robot/urdf
-- Installing: /home/ivan/Ivan/my_robot/install/my_robot/share/my_robot/urdf/robot_arm.urdf
-- Installing: /home/ivan/Ivan/my_robot/install/my_robot/share/my_robot/launch
-- Installing: /home/ivan/Ivan/my_robot/install/my_robot/share/my_robot/launch/display.launch.py
-- Installing: /home/ivan/Ivan/my_robot/install/my_robot/share/ament_index/resource_index/package_run_dependencies/my_robot
-- Installing: /home/ivan/Ivan/my_robot/install/my_robot/share/ament_index/resource_index/parent_prefix_path/my_robot
-- Installing: /home/ivan/Ivan/my_robot/install/my_robot/share/my_robot/environment/ament_prefix_path.sh
-- Installing: /home/ivan/Ivan/my_robot/install/my_robot/share/my_robot/environment/ament_prefix_path.dsv
-- Installing: /home/ivan/Ivan/my_robot/install/my_robot/share/my_robot/environment/path.sh
-- Installing: /home/ivan/Ivan/my_robot/install/my_robot/share/my_robot/environment/path.dsv
-- Installing: /home/ivan/Ivan/my_robot/install/my_robot/share/my_robot/local_setup.bash
-- Installing: /home/ivan/Ivan/my_robot/install/my_robot/share/my_robot/local_setup.sh
-- Installing: /home/ivan/Ivan/my_robot/install/my_robot/share/my_robot/local_setup.zsh
-- Installing: /home/ivan/Ivan/my_robot/install/my_robot/share/my_robot/local_setup.dsv
-- Installing: /home/ivan/Ivan/my_robot/install/my_robot/share/my_robot/package.dsv
-- Installing: /home/ivan/Ivan/my_robot/install/my_robot/share/ament_index/resource_index/packages/my_robot
-- Installing: /home/ivan/Ivan/my_robot/install/my_robot/share/my_robot/cmake/my_robotConfig.cmake
-- Installing: /home/ivan/Ivan/my_robot/install/my_robot/share/my_robot/cmake/my_robotConfig-version.cmake
-- Installing: /home/ivan/Ivan/my_robot/install/my_robot/share/my_robot/package.xml
