[0.012s] Invoking command in '/home/ivan/Ivan/my_robot/build/my_robot': CMAKE_PREFIX_PATH=${CMAKE_PREFIX_PATH}:/opt/ros/kilted DEBUGINFOD_URLS=https://debuginfod.ubuntu.com /usr/bin/cmake --build /home/ivan/Ivan/my_robot/build/my_robot -- -j2 -l2
[0.127s] [ 50%] [32mBuilding CXX object CMakeFiles/ik_solver.dir/src/ik_solver.cpp.o[0m
[11.576s] [100%] [32m[1mLinking CXX executable ik_solver[0m
[11.962s] [100%] Built target ik_solver
[11.974s] Invoked command in '/home/ivan/Ivan/my_robot/build/my_robot' returned '0': CMAKE_PREFIX_PATH=${CMAKE_PREFIX_PATH}:/opt/ros/kilted DEBUGINFOD_URLS=https://debuginfod.ubuntu.com /usr/bin/cmake --build /home/ivan/Ivan/my_robot/build/my_robot -- -j2 -l2
[11.985s] Invoking command in '/home/ivan/Ivan/my_robot/build/my_robot': CMAKE_PREFIX_PATH=${CMAKE_PREFIX_PATH}:/opt/ros/kilted DEBUGINFOD_URLS=https://debuginfod.ubuntu.com /usr/bin/cmake --install /home/ivan/Ivan/my_robot/build/my_robot
[11.993s] -- Install configuration: ""
[11.993s] -- Installing: /home/ivan/Ivan/my_robot/install/my_robot/lib/my_robot/ik_solver
[11.999s] -- Set non-toolchain portion of runtime path of "/home/ivan/Ivan/my_robot/install/my_robot/lib/my_robot/ik_solver" to ""
[11.999s] -- Up-to-date: /home/ivan/Ivan/my_robot/install/my_robot/share/my_robot/urdf
[11.999s] -- Up-to-date: /home/ivan/Ivan/my_robot/install/my_robot/share/my_robot/urdf/robot_arm.urdf
[11.999s] -- Up-to-date: /home/ivan/Ivan/my_robot/install/my_robot/share/my_robot/launch
[11.999s] -- Up-to-date: /home/ivan/Ivan/my_robot/install/my_robot/share/my_robot/launch/display.launch.py
[11.999s] -- Up-to-date: /home/ivan/Ivan/my_robot/install/my_robot/share/ament_index/resource_index/package_run_dependencies/my_robot
[11.999s] -- Up-to-date: /home/ivan/Ivan/my_robot/install/my_robot/share/ament_index/resource_index/parent_prefix_path/my_robot
[11.999s] -- Up-to-date: /home/ivan/Ivan/my_robot/install/my_robot/share/my_robot/environment/ament_prefix_path.sh
[11.999s] -- Up-to-date: /home/ivan/Ivan/my_robot/install/my_robot/share/my_robot/environment/ament_prefix_path.dsv
[12.000s] -- Up-to-date: /home/ivan/Ivan/my_robot/install/my_robot/share/my_robot/environment/path.sh
[12.000s] -- Up-to-date: /home/ivan/Ivan/my_robot/install/my_robot/share/my_robot/environment/path.dsv
[12.000s] -- Up-to-date: /home/ivan/Ivan/my_robot/install/my_robot/share/my_robot/local_setup.bash
[12.000s] -- Up-to-date: /home/ivan/Ivan/my_robot/install/my_robot/share/my_robot/local_setup.sh
[12.000s] -- Up-to-date: /home/ivan/Ivan/my_robot/install/my_robot/share/my_robot/local_setup.zsh
[12.000s] -- Up-to-date: /home/ivan/Ivan/my_robot/install/my_robot/share/my_robot/local_setup.dsv
[12.000s] -- Installing: /home/ivan/Ivan/my_robot/install/my_robot/share/my_robot/package.dsv
[12.000s] -- Up-to-date: /home/ivan/Ivan/my_robot/install/my_robot/share/ament_index/resource_index/packages/my_robot
[12.000s] -- Up-to-date: /home/ivan/Ivan/my_robot/install/my_robot/share/my_robot/cmake/my_robotConfig.cmake
[12.000s] -- Up-to-date: /home/ivan/Ivan/my_robot/install/my_robot/share/my_robot/cmake/my_robotConfig-version.cmake
[12.000s] -- Up-to-date: /home/ivan/Ivan/my_robot/install/my_robot/share/my_robot/package.xml
[12.001s] Invoked command in '/home/ivan/Ivan/my_robot/build/my_robot' returned '0': CMAKE_PREFIX_PATH=${CMAKE_PREFIX_PATH}:/opt/ros/kilted DEBUGINFOD_URLS=https://debuginfod.ubuntu.com /usr/bin/cmake --install /home/ivan/Ivan/my_robot/build/my_robot
