[ 50%] [32mBuilding CXX object CMakeFiles/ik_solver.dir/src/ik_solver.cpp.o[0m
[01m[K/home/ivan/Ivan/my_robot/src/ik_solver.cpp:[m[K In member function ‘[01m[Kbool IKSolver::[01;32m[Ksolve_position[m[K(double, double, double, double&, double&, double&, double&)[m[K’:
[01m[K/home/ivan/Ivan/my_robot/src/ik_solver.cpp:123:14:[m[K [01;35m[Kwarning: [m[Kunused variable ‘[01m[Kz_local[m[K’ [[01;35m[K]8;;https://gcc.gnu.org/onlinedocs/gcc/Warning-Options.html#index-Wunused-variable-Wunused-variable]8;;[m[K]
  123 |       double [01;35m[Kz_local[m[K = L1*std::sin(a1) + L2*std::sin(a2) + CLAW_CENTER_DIST*std::sin(a3_val);
      |              [01;35m[K^~~~~~~[m[K
[01m[K/home/ivan/Ivan/my_robot/src/ik_solver.cpp:[m[K In member function ‘[01m[Kvoid IKSolver::[01;32m[Ksolve_ik[m[K(double, double, double)[m[K’:
[01m[K/home/ivan/Ivan/my_robot/src/ik_solver.cpp:224:12:[m[K [01;35m[Kwarning: [m[Kunused variable ‘[01m[Kdesired_pitch[m[K’ [[01;35m[K]8;;https://gcc.gnu.org/onlinedocs/gcc/Warning-Options.html#index-Wunused-variable-Wunused-variable]8;;[m[K]
  224 |     double [01;35m[Kdesired_pitch[m[K = std::atan2(dz, std::hypot(dx, dy)); // in the arm's plane
      |            [01;35m[K^~~~~~~~~~~~~[m[K
[100%] [32m[1mLinking CXX executable ik_solver[0m
[100%] Built target ik_solver
-- Install configuration: ""
-- Installing: /home/ivan/Ivan/my_robot/install/my_robot/lib/my_robot/ik_solver
-- Set non-toolchain portion of runtime path of "/home/ivan/Ivan/my_robot/install/my_robot/lib/my_robot/ik_solver" to ""
-- Up-to-date: /home/ivan/Ivan/my_robot/install/my_robot/share/my_robot/urdf
-- Up-to-date: /home/ivan/Ivan/my_robot/install/my_robot/share/my_robot/urdf/robot_arm.urdf
-- Up-to-date: /home/ivan/Ivan/my_robot/install/my_robot/share/my_robot/launch
-- Up-to-date: /home/ivan/Ivan/my_robot/install/my_robot/share/my_robot/launch/display.launch.py
-- Up-to-date: /home/ivan/Ivan/my_robot/install/my_robot/share/ament_index/resource_index/package_run_dependencies/my_robot
-- Up-to-date: /home/ivan/Ivan/my_robot/install/my_robot/share/ament_index/resource_index/parent_prefix_path/my_robot
-- Up-to-date: /home/ivan/Ivan/my_robot/install/my_robot/share/my_robot/environment/ament_prefix_path.sh
-- Up-to-date: /home/ivan/Ivan/my_robot/install/my_robot/share/my_robot/environment/ament_prefix_path.dsv
-- Up-to-date: /home/ivan/Ivan/my_robot/install/my_robot/share/my_robot/environment/path.sh
-- Up-to-date: /home/ivan/Ivan/my_robot/install/my_robot/share/my_robot/environment/path.dsv
-- Up-to-date: /home/ivan/Ivan/my_robot/install/my_robot/share/my_robot/local_setup.bash
-- Up-to-date: /home/ivan/Ivan/my_robot/install/my_robot/share/my_robot/local_setup.sh
-- Up-to-date: /home/ivan/Ivan/my_robot/install/my_robot/share/my_robot/local_setup.zsh
-- Up-to-date: /home/ivan/Ivan/my_robot/install/my_robot/share/my_robot/local_setup.dsv
-- Installing: /home/ivan/Ivan/my_robot/install/my_robot/share/my_robot/package.dsv
-- Up-to-date: /home/ivan/Ivan/my_robot/install/my_robot/share/ament_index/resource_index/packages/my_robot
-- Up-to-date: /home/ivan/Ivan/my_robot/install/my_robot/share/my_robot/cmake/my_robotConfig.cmake
-- Up-to-date: /home/ivan/Ivan/my_robot/install/my_robot/share/my_robot/cmake/my_robotConfig-version.cmake
-- Up-to-date: /home/ivan/Ivan/my_robot/install/my_robot/share/my_robot/package.xml
