[0.015s] Invoking command in '/home/ivan/Ivan/my_robot/build/my_robot': CMAKE_PREFIX_PATH=${CMAKE_PREFIX_PATH}:/opt/ros/kilted DEBUGINFOD_URLS=https://debuginfod.ubuntu.com /usr/bin/cmake --build /home/ivan/Ivan/my_robot/build/my_robot -- -j2 -l2
[0.394s] [ 50%] [32mBuilding CXX object CMakeFiles/ik_solver.dir/src/ik_solver.cpp.o[0m
[18.682s] [100%] [32m[1mLinking CXX executable ik_solver[0m
[19.528s] [100%] Built target ik_solver
[19.548s] Invoked command in '/home/ivan/Ivan/my_robot/build/my_robot' returned '0': CMAKE_PREFIX_PATH=${CMAKE_PREFIX_PATH}:/opt/ros/kilted DEBUGINFOD_URLS=https://debuginfod.ubuntu.com /usr/bin/cmake --build /home/ivan/Ivan/my_robot/build/my_robot -- -j2 -l2
[19.565s] Invoking command in '/home/ivan/Ivan/my_robot/build/my_robot': CMAKE_PREFIX_PATH=${CMAKE_PREFIX_PATH}:/opt/ros/kilted DEBUGINFOD_URLS=https://debuginfod.ubuntu.com /usr/bin/cmake --install /home/ivan/Ivan/my_robot/build/my_robot
[19.584s] -- Install configuration: ""
[19.585s] -- Installing: /home/ivan/Ivan/my_robot/install/my_robot/lib/my_robot/ik_solver
[19.594s] -- Set non-toolchain portion of runtime path of "/home/ivan/Ivan/my_robot/install/my_robot/lib/my_robot/ik_solver" to ""
[19.595s] -- Up-to-date: /home/ivan/Ivan/my_robot/install/my_robot/share/my_robot/urdf
[19.596s] -- Up-to-date: /home/ivan/Ivan/my_robot/install/my_robot/share/my_robot/urdf/robot_arm.urdf
[19.596s] -- Up-to-date: /home/ivan/Ivan/my_robot/install/my_robot/share/my_robot/launch
[19.596s] -- Up-to-date: /home/ivan/Ivan/my_robot/install/my_robot/share/my_robot/launch/display.launch.py
[19.598s] -- Up-to-date: /home/ivan/Ivan/my_robot/install/my_robot/share/ament_index/resource_index/package_run_dependencies/my_robot
[19.598s] -- Up-to-date: /home/ivan/Ivan/my_robot/install/my_robot/share/ament_index/resource_index/parent_prefix_path/my_robot
[19.599s] -- Up-to-date: /home/ivan/Ivan/my_robot/install/my_robot/share/my_robot/environment/ament_prefix_path.sh
[19.599s] -- Up-to-date: /home/ivan/Ivan/my_robot/install/my_robot/share/my_robot/environment/ament_prefix_path.dsv
[19.601s] -- Up-to-date: /home/ivan/Ivan/my_robot/install/my_robot/share/my_robot/environment/path.sh
[19.602s] -- Up-to-date: /home/ivan/Ivan/my_robot/install/my_robot/share/my_robot/environment/path.dsv
[19.603s] -- Up-to-date: /home/ivan/Ivan/my_robot/install/my_robot/share/my_robot/local_setup.bash
[19.603s] -- Up-to-date: /home/ivan/Ivan/my_robot/install/my_robot/share/my_robot/local_setup.sh
[19.603s] -- Up-to-date: /home/ivan/Ivan/my_robot/install/my_robot/share/my_robot/local_setup.zsh
[19.604s] -- Up-to-date: /home/ivan/Ivan/my_robot/install/my_robot/share/my_robot/local_setup.dsv
[19.604s] -- Installing: /home/ivan/Ivan/my_robot/install/my_robot/share/my_robot/package.dsv
[19.604s] -- Up-to-date: /home/ivan/Ivan/my_robot/install/my_robot/share/ament_index/resource_index/packages/my_robot
[19.605s] -- Up-to-date: /home/ivan/Ivan/my_robot/install/my_robot/share/my_robot/cmake/my_robotConfig.cmake
[19.605s] -- Up-to-date: /home/ivan/Ivan/my_robot/install/my_robot/share/my_robot/cmake/my_robotConfig-version.cmake
[19.605s] -- Up-to-date: /home/ivan/Ivan/my_robot/install/my_robot/share/my_robot/package.xml
[19.609s] Invoked command in '/home/ivan/Ivan/my_robot/build/my_robot' returned '0': CMAKE_PREFIX_PATH=${CMAKE_PREFIX_PATH}:/opt/ros/kilted DEBUGINFOD_URLS=https://debuginfod.ubuntu.com /usr/bin/cmake --install /home/ivan/Ivan/my_robot/build/my_robot
