[0.012s] Invoking command in '/home/ivan/Ivan/my_robot/build/my_robot': CMAKE_PREFIX_PATH=${CMAKE_PREFIX_PATH}:/opt/ros/kilted DEBUGINFOD_URLS=https://debuginfod.ubuntu.com /usr/bin/cmake --build /home/ivan/Ivan/my_robot/build/my_robot -- -j2 -l2
[0.099s] [ 50%] [32mBuilding CXX object CMakeFiles/ik_solver.dir/src/ik_solver.cpp.o[0m
[9.368s] [100%] [32m[1mLinking CXX executable ik_solver[0m
[9.778s] [100%] Built target ik_solver
[9.826s] Invoked command in '/home/ivan/Ivan/my_robot/build/my_robot' returned '0': CMAKE_PREFIX_PATH=${CMAKE_PREFIX_PATH}:/opt/ros/kilted DEBUGINFOD_URLS=https://debuginfod.ubuntu.com /usr/bin/cmake --build /home/ivan/Ivan/my_robot/build/my_robot -- -j2 -l2
[9.856s] Invoking command in '/home/ivan/Ivan/my_robot/build/my_robot': CMAKE_PREFIX_PATH=${CMAKE_PREFIX_PATH}:/opt/ros/kilted DEBUGINFOD_URLS=https://debuginfod.ubuntu.com /usr/bin/cmake --install /home/ivan/Ivan/my_robot/build/my_robot
[9.885s] -- Install configuration: ""
[9.886s] -- Installing: /home/ivan/Ivan/my_robot/install/my_robot/lib/my_robot/ik_solver
[9.897s] -- Set non-toolchain portion of runtime path of "/home/ivan/Ivan/my_robot/install/my_robot/lib/my_robot/ik_solver" to ""
[9.899s] -- Up-to-date: /home/ivan/Ivan/my_robot/install/my_robot/share/my_robot/urdf
[9.899s] -- Up-to-date: /home/ivan/Ivan/my_robot/install/my_robot/share/my_robot/urdf/robot_arm.urdf
[9.899s] -- Up-to-date: /home/ivan/Ivan/my_robot/install/my_robot/share/my_robot/launch
[9.900s] -- Up-to-date: /home/ivan/Ivan/my_robot/install/my_robot/share/my_robot/launch/display.launch.py
[9.900s] -- Up-to-date: /home/ivan/Ivan/my_robot/install/my_robot/share/ament_index/resource_index/package_run_dependencies/my_robot
[9.900s] -- Up-to-date: /home/ivan/Ivan/my_robot/install/my_robot/share/ament_index/resource_index/parent_prefix_path/my_robot
[9.900s] -- Up-to-date: /home/ivan/Ivan/my_robot/install/my_robot/share/my_robot/environment/ament_prefix_path.sh
[9.900s] -- Up-to-date: /home/ivan/Ivan/my_robot/install/my_robot/share/my_robot/environment/ament_prefix_path.dsv
[9.900s] -- Up-to-date: /home/ivan/Ivan/my_robot/install/my_robot/share/my_robot/environment/path.sh
[9.900s] -- Up-to-date: /home/ivan/Ivan/my_robot/install/my_robot/share/my_robot/environment/path.dsv
[9.910s] -- Up-to-date: /home/ivan/Ivan/my_robot/install/my_robot/share/my_robot/local_setup.bash
[9.910s] -- Up-to-date: /home/ivan/Ivan/my_robot/install/my_robot/share/my_robot/local_setup.sh
[9.910s] -- Up-to-date: /home/ivan/Ivan/my_robot/install/my_robot/share/my_robot/local_setup.zsh
[9.910s] -- Up-to-date: /home/ivan/Ivan/my_robot/install/my_robot/share/my_robot/local_setup.dsv
[9.911s] -- Installing: /home/ivan/Ivan/my_robot/install/my_robot/share/my_robot/package.dsv
[9.912s] -- Up-to-date: /home/ivan/Ivan/my_robot/install/my_robot/share/ament_index/resource_index/packages/my_robot
[9.919s] -- Up-to-date: /home/ivan/Ivan/my_robot/install/my_robot/share/my_robot/cmake/my_robotConfig.cmake
[9.919s] -- Up-to-date: /home/ivan/Ivan/my_robot/install/my_robot/share/my_robot/cmake/my_robotConfig-version.cmake
[9.919s] -- Up-to-date: /home/ivan/Ivan/my_robot/install/my_robot/share/my_robot/package.xml
[9.919s] Invoked command in '/home/ivan/Ivan/my_robot/build/my_robot' returned '0': CMAKE_PREFIX_PATH=${CMAKE_PREFIX_PATH}:/opt/ros/kilted DEBUGINFOD_URLS=https://debuginfod.ubuntu.com /usr/bin/cmake --install /home/ivan/Ivan/my_robot/build/my_robot
