[0.205s] DEBUG:colcon:Command line arguments: ['/usr/bin/colcon', 'build', '--packages-select', 'my_robot']
[0.205s] DEBUG:colcon:Parsed command line arguments: Namespace(log_base=None, log_level=None, verb_name='build', build_base='build', install_base='install', merge_install=False, symlink_install=False, test_result_base=None, continue_on_error=False, executor='parallel', parallel_workers=2, event_handlers=None, ignore_user_meta=False, metas=['./colcon.meta'], base_paths=['.'], packages_ignore=None, packages_ignore_regex=None, paths=None, packages_up_to=None, packages_up_to_regex=None, packages_above=None, packages_above_and_dependencies=None, packages_above_depth=None, packages_select_by_dep=None, packages_skip_by_dep=None, packages_skip_up_to=None, packages_select_build_failed=False, packages_skip_build_finished=False, packages_select_test_failures=False, packages_skip_test_passed=False, packages_select=['my_robot'], packages_skip=None, packages_select_regex=None, packages_skip_regex=None, packages_start=None, packages_end=None, allow_overriding=[], cmake_args=None, cmake_target=None, cmake_target_skip_unavailable=False, cmake_clean_cache=False, cmake_clean_first=False, cmake_force_configure=False, ament_cmake_args=None, catkin_cmake_args=None, catkin_skip_building_tests=False, mixin_files=None, mixin=None, verb_parser=<colcon_mixin.mixin.mixin_argument.MixinArgumentDecorator object at 0x70f839886e40>, verb_extension=<colcon_core.verb.build.BuildVerb object at 0x70f839885280>, main=<bound method BuildVerb.main of <colcon_core.verb.build.BuildVerb object at 0x70f839885280>>, mixin_verb=('build',))
[0.256s] Level 1:colcon.colcon_core.package_discovery:discover_packages(colcon_meta) check parameters
[0.256s] Level 1:colcon.colcon_core.package_discovery:discover_packages(recursive) check parameters
[0.256s] Level 1:colcon.colcon_core.package_discovery:discover_packages(ignore) check parameters
[0.256s] Level 1:colcon.colcon_core.package_discovery:discover_packages(path) check parameters
[0.256s] Level 1:colcon.colcon_core.package_discovery:discover_packages(colcon_meta) discover
[0.256s] Level 1:colcon.colcon_core.package_discovery:discover_packages(recursive) discover
[0.257s] INFO:colcon.colcon_core.package_discovery:Crawling recursively for packages in '/home/ivan/Ivan/my_robot'
[0.257s] Level 1:colcon.colcon_core.package_identification:_identify(.) by extensions ['ignore', 'ignore_ament_install']
[0.257s] Level 1:colcon.colcon_core.package_identification:_identify(.) by extension 'ignore'
[0.257s] Level 1:colcon.colcon_core.package_identification:_identify(.) by extension 'ignore_ament_install'
[0.257s] Level 1:colcon.colcon_core.package_identification:_identify(.) by extensions ['colcon_pkg']
[0.257s] Level 1:colcon.colcon_core.package_identification:_identify(.) by extension 'colcon_pkg'
[0.257s] Level 1:colcon.colcon_core.package_identification:_identify(.) by extensions ['colcon_meta']
[0.257s] Level 1:colcon.colcon_core.package_identification:_identify(.) by extension 'colcon_meta'
[0.257s] Level 1:colcon.colcon_core.package_identification:_identify(.) by extensions ['ros']
[0.257s] Level 1:colcon.colcon_core.package_identification:_identify(.) by extension 'ros'
[0.287s] DEBUG:colcon.colcon_core.package_identification:Package '.' with type 'ros.ament_cmake' and name 'my_robot'
[0.288s] Level 1:colcon.colcon_core.package_discovery:discover_packages(recursive) using defaults
[0.288s] Level 1:colcon.colcon_core.package_discovery:discover_packages(ignore) discover
[0.288s] Level 1:colcon.colcon_core.package_discovery:discover_packages(ignore) using defaults
[0.288s] Level 1:colcon.colcon_core.package_discovery:discover_packages(path) discover
[0.288s] Level 1:colcon.colcon_core.package_discovery:discover_packages(path) using defaults
[0.307s] Level 1:colcon.colcon_core.package_discovery:discover_packages(prefix_path) check parameters
[0.308s] Level 1:colcon.colcon_core.package_discovery:discover_packages(prefix_path) discover
[0.312s] DEBUG:colcon.colcon_installed_package_information.package_discovery:Found 1 installed packages in /home/ivan/Ivan/my_robot/install
[0.314s] DEBUG:colcon.colcon_installed_package_information.package_discovery:Found 388 installed packages in /opt/ros/kilted
[0.316s] Level 1:colcon.colcon_core.package_discovery:discover_packages(prefix_path) using defaults
[0.354s] Level 5:colcon.colcon_core.verb:set package 'my_robot' build argument 'cmake_args' from command line to 'None'
[0.354s] Level 5:colcon.colcon_core.verb:set package 'my_robot' build argument 'cmake_target' from command line to 'None'
[0.354s] Level 5:colcon.colcon_core.verb:set package 'my_robot' build argument 'cmake_target_skip_unavailable' from command line to 'False'
[0.354s] Level 5:colcon.colcon_core.verb:set package 'my_robot' build argument 'cmake_clean_cache' from command line to 'False'
[0.354s] Level 5:colcon.colcon_core.verb:set package 'my_robot' build argument 'cmake_clean_first' from command line to 'False'
[0.354s] Level 5:colcon.colcon_core.verb:set package 'my_robot' build argument 'cmake_force_configure' from command line to 'False'
[0.354s] Level 5:colcon.colcon_core.verb:set package 'my_robot' build argument 'ament_cmake_args' from command line to 'None'
[0.354s] Level 5:colcon.colcon_core.verb:set package 'my_robot' build argument 'catkin_cmake_args' from command line to 'None'
[0.354s] Level 5:colcon.colcon_core.verb:set package 'my_robot' build argument 'catkin_skip_building_tests' from command line to 'False'
[0.354s] DEBUG:colcon.colcon_core.verb:Building package 'my_robot' with the following arguments: {'ament_cmake_args': None, 'build_base': '/home/ivan/Ivan/my_robot/build/my_robot', 'catkin_cmake_args': None, 'catkin_skip_building_tests': False, 'cmake_args': None, 'cmake_clean_cache': False, 'cmake_clean_first': False, 'cmake_force_configure': False, 'cmake_target': None, 'cmake_target_skip_unavailable': False, 'install_base': '/home/ivan/Ivan/my_robot/install/my_robot', 'merge_install': False, 'path': '/home/ivan/Ivan/my_robot', 'symlink_install': False, 'test_result_base': None}
[0.355s] INFO:colcon.colcon_core.executor:Executing jobs using 'parallel' executor
[0.355s] DEBUG:colcon.colcon_parallel_executor.executor.parallel:run_until_complete
[0.355s] INFO:colcon.colcon_ros.task.ament_cmake.build:Building ROS package in '/home/ivan/Ivan/my_robot' with build type 'ament_cmake'
[0.355s] INFO:colcon.colcon_cmake.task.cmake.build:Building CMake package in '/home/ivan/Ivan/my_robot'
[0.359s] INFO:colcon.colcon_core.plugin_system:Skipping extension 'colcon_core.shell.bat': Not used on non-Windows systems
[0.359s] INFO:colcon.colcon_core.shell:Skip shell extension 'powershell' for command environment: Not usable outside of PowerShell
[0.359s] DEBUG:colcon.colcon_core.shell:Skip shell extension 'dsv' for command environment
[0.371s] DEBUG:colcon.colcon_core.event_handler.log_command:Invoking command in '/home/ivan/Ivan/my_robot/build/my_robot': CMAKE_PREFIX_PATH=${CMAKE_PREFIX_PATH}:/opt/ros/kilted DEBUGINFOD_URLS=https://debuginfod.ubuntu.com /usr/bin/cmake --build /home/ivan/Ivan/my_robot/build/my_robot -- -j2 -l2
[12.397s] DEBUG:colcon.colcon_core.event_handler.log_command:Invoked command in '/home/ivan/Ivan/my_robot/build/my_robot' returned '0': CMAKE_PREFIX_PATH=${CMAKE_PREFIX_PATH}:/opt/ros/kilted DEBUGINFOD_URLS=https://debuginfod.ubuntu.com /usr/bin/cmake --build /home/ivan/Ivan/my_robot/build/my_robot -- -j2 -l2
[12.425s] DEBUG:colcon.colcon_core.event_handler.log_command:Invoking command in '/home/ivan/Ivan/my_robot/build/my_robot': CMAKE_PREFIX_PATH=${CMAKE_PREFIX_PATH}:/opt/ros/kilted DEBUGINFOD_URLS=https://debuginfod.ubuntu.com /usr/bin/cmake --install /home/ivan/Ivan/my_robot/build/my_robot
[12.442s] Level 1:colcon.colcon_core.environment:create_environment_scripts_only(my_robot)
[12.443s] Level 1:colcon.colcon_core.environment:checking '/home/ivan/Ivan/my_robot/install/my_robot' for CMake module files
[12.444s] DEBUG:colcon.colcon_core.event_handler.log_command:Invoked command in '/home/ivan/Ivan/my_robot/build/my_robot' returned '0': CMAKE_PREFIX_PATH=${CMAKE_PREFIX_PATH}:/opt/ros/kilted DEBUGINFOD_URLS=https://debuginfod.ubuntu.com /usr/bin/cmake --install /home/ivan/Ivan/my_robot/build/my_robot
[12.444s] Level 1:colcon.colcon_core.environment:checking '/home/ivan/Ivan/my_robot/install/my_robot' for CMake config files
[12.444s] Level 1:colcon.colcon_core.shell:create_environment_hook('my_robot', 'cmake_prefix_path')
[12.444s] INFO:colcon.colcon_core.shell:Creating environment hook '/home/ivan/Ivan/my_robot/install/my_robot/share/my_robot/hook/cmake_prefix_path.ps1'
[12.445s] INFO:colcon.colcon_core.shell:Creating environment descriptor '/home/ivan/Ivan/my_robot/install/my_robot/share/my_robot/hook/cmake_prefix_path.dsv'
[12.445s] INFO:colcon.colcon_core.shell:Creating environment hook '/home/ivan/Ivan/my_robot/install/my_robot/share/my_robot/hook/cmake_prefix_path.sh'
[12.446s] Level 1:colcon.colcon_core.environment:checking '/home/ivan/Ivan/my_robot/install/my_robot/lib'
[12.446s] Level 1:colcon.colcon_core.environment:checking '/home/ivan/Ivan/my_robot/install/my_robot/bin'
[12.446s] Level 1:colcon.colcon_core.environment:checking '/home/ivan/Ivan/my_robot/install/my_robot/lib/pkgconfig/my_robot.pc'
[12.446s] Level 1:colcon.colcon_core.environment:checking '/home/ivan/Ivan/my_robot/install/my_robot/lib/python3.12/site-packages'
[12.447s] Level 1:colcon.colcon_core.environment:checking '/home/ivan/Ivan/my_robot/install/my_robot/bin'
[12.447s] INFO:colcon.colcon_core.shell:Creating package script '/home/ivan/Ivan/my_robot/install/my_robot/share/my_robot/package.ps1'
[12.447s] INFO:colcon.colcon_core.shell:Creating package descriptor '/home/ivan/Ivan/my_robot/install/my_robot/share/my_robot/package.dsv'
[12.468s] INFO:colcon.colcon_core.shell:Creating package script '/home/ivan/Ivan/my_robot/install/my_robot/share/my_robot/package.sh'
[12.469s] INFO:colcon.colcon_core.shell:Creating package script '/home/ivan/Ivan/my_robot/install/my_robot/share/my_robot/package.bash'
[12.469s] INFO:colcon.colcon_core.shell:Creating package script '/home/ivan/Ivan/my_robot/install/my_robot/share/my_robot/package.zsh'
[12.470s] Level 1:colcon.colcon_core.environment:create_file_with_runtime_dependencies(/home/ivan/Ivan/my_robot/install/my_robot/share/colcon-core/packages/my_robot)
[12.470s] Level 1:colcon.colcon_core.environment:create_environment_scripts_only(my_robot)
[12.471s] Level 1:colcon.colcon_core.environment:checking '/home/ivan/Ivan/my_robot/install/my_robot' for CMake module files
[12.471s] Level 1:colcon.colcon_core.environment:checking '/home/ivan/Ivan/my_robot/install/my_robot' for CMake config files
[12.471s] Level 1:colcon.colcon_core.shell:create_environment_hook('my_robot', 'cmake_prefix_path')
[12.471s] INFO:colcon.colcon_core.shell:Creating environment hook '/home/ivan/Ivan/my_robot/install/my_robot/share/my_robot/hook/cmake_prefix_path.ps1'
[12.471s] INFO:colcon.colcon_core.shell:Creating environment descriptor '/home/ivan/Ivan/my_robot/install/my_robot/share/my_robot/hook/cmake_prefix_path.dsv'
[12.472s] INFO:colcon.colcon_core.shell:Creating environment hook '/home/ivan/Ivan/my_robot/install/my_robot/share/my_robot/hook/cmake_prefix_path.sh'
[12.472s] Level 1:colcon.colcon_core.environment:checking '/home/ivan/Ivan/my_robot/install/my_robot/lib'
[12.472s] Level 1:colcon.colcon_core.environment:checking '/home/ivan/Ivan/my_robot/install/my_robot/bin'
[12.473s] Level 1:colcon.colcon_core.environment:checking '/home/ivan/Ivan/my_robot/install/my_robot/lib/pkgconfig/my_robot.pc'
[12.473s] Level 1:colcon.colcon_core.environment:checking '/home/ivan/Ivan/my_robot/install/my_robot/lib/python3.12/site-packages'
[12.473s] Level 1:colcon.colcon_core.environment:checking '/home/ivan/Ivan/my_robot/install/my_robot/bin'
[12.473s] INFO:colcon.colcon_core.shell:Creating package script '/home/ivan/Ivan/my_robot/install/my_robot/share/my_robot/package.ps1'
[12.473s] INFO:colcon.colcon_core.shell:Creating package descriptor '/home/ivan/Ivan/my_robot/install/my_robot/share/my_robot/package.dsv'
[12.474s] INFO:colcon.colcon_core.shell:Creating package script '/home/ivan/Ivan/my_robot/install/my_robot/share/my_robot/package.sh'
[12.474s] INFO:colcon.colcon_core.shell:Creating package script '/home/ivan/Ivan/my_robot/install/my_robot/share/my_robot/package.bash'
[12.475s] INFO:colcon.colcon_core.shell:Creating package script '/home/ivan/Ivan/my_robot/install/my_robot/share/my_robot/package.zsh'
[12.475s] Level 1:colcon.colcon_core.environment:create_file_with_runtime_dependencies(/home/ivan/Ivan/my_robot/install/my_robot/share/colcon-core/packages/my_robot)
[12.476s] DEBUG:colcon.colcon_parallel_executor.executor.parallel:closing loop
[12.476s] DEBUG:colcon.colcon_parallel_executor.executor.parallel:loop closed
[12.476s] DEBUG:colcon.colcon_parallel_executor.executor.parallel:run_until_complete finished with '0'
[12.476s] DEBUG:colcon.colcon_core.event_reactor:joining thread
[12.484s] INFO:colcon.colcon_core.plugin_system:Skipping extension 'colcon_notification.desktop_notification.terminal_notifier': Not used on non-Darwin systems
[12.484s] INFO:colcon.colcon_core.plugin_system:Skipping extension 'colcon_notification.desktop_notification.win32': Not used on non-Windows systems
[12.485s] INFO:colcon.colcon_notification.desktop_notification:Sending desktop notification using 'notify2'
[12.523s] DEBUG:colcon.colcon_core.event_reactor:joined thread
[12.523s] INFO:colcon.colcon_core.shell:Creating prefix script '/home/ivan/Ivan/my_robot/install/local_setup.ps1'
[12.524s] INFO:colcon.colcon_core.shell:Creating prefix util module '/home/ivan/Ivan/my_robot/install/_local_setup_util_ps1.py'
[12.526s] INFO:colcon.colcon_core.shell:Creating prefix chain script '/home/ivan/Ivan/my_robot/install/setup.ps1'
[12.529s] INFO:colcon.colcon_core.shell:Creating prefix script '/home/ivan/Ivan/my_robot/install/local_setup.sh'
[12.530s] INFO:colcon.colcon_core.shell:Creating prefix util module '/home/ivan/Ivan/my_robot/install/_local_setup_util_sh.py'
[12.530s] INFO:colcon.colcon_core.shell:Creating prefix chain script '/home/ivan/Ivan/my_robot/install/setup.sh'
[12.531s] INFO:colcon.colcon_core.shell:Creating prefix script '/home/ivan/Ivan/my_robot/install/local_setup.bash'
[12.532s] INFO:colcon.colcon_core.shell:Creating prefix chain script '/home/ivan/Ivan/my_robot/install/setup.bash'
[12.532s] INFO:colcon.colcon_core.shell:Creating prefix script '/home/ivan/Ivan/my_robot/install/local_setup.zsh'
[12.533s] INFO:colcon.colcon_core.shell:Creating prefix chain script '/home/ivan/Ivan/my_robot/install/setup.zsh'
