[0.016s] Invoking command in '/home/ivan/Ivan/my_robot/build/my_robot': CMAKE_PREFIX_PATH=${CMAKE_PREFIX_PATH}:/opt/ros/kilted DEBUGINFOD_URLS=https://debuginfod.ubuntu.com /usr/bin/cmake --build /home/ivan/Ivan/my_robot/build/my_robot -- -j2 -l2
[0.201s] [ 50%] [32mBuilding CXX object CMakeFiles/ik_solver.dir/src/ik_solver.cpp.o[0m
[14.074s] [100%] [32m[1mLinking CXX executable ik_solver[0m
[14.615s] [100%] Built target ik_solver
[14.629s] Invoked command in '/home/ivan/Ivan/my_robot/build/my_robot' returned '0': CMAKE_PREFIX_PATH=${CMAKE_PREFIX_PATH}:/opt/ros/kilted DEBUGINFOD_URLS=https://debuginfod.ubuntu.com /usr/bin/cmake --build /home/ivan/Ivan/my_robot/build/my_robot -- -j2 -l2
[14.643s] Invoking command in '/home/ivan/Ivan/my_robot/build/my_robot': CMAKE_PREFIX_PATH=${CMAKE_PREFIX_PATH}:/opt/ros/kilted DEBUGINFOD_URLS=https://debuginfod.ubuntu.com /usr/bin/cmake --install /home/ivan/Ivan/my_robot/build/my_robot
[14.654s] -- Install configuration: ""
[14.660s] -- Installing: /home/ivan/Ivan/my_robot/install/my_robot/lib/my_robot/ik_solver
[14.671s] -- Set non-toolchain portion of runtime path of "/home/ivan/Ivan/my_robot/install/my_robot/lib/my_robot/ik_solver" to ""
[14.671s] -- Up-to-date: /home/ivan/Ivan/my_robot/install/my_robot/share/my_robot/urdf
[14.671s] -- Installing: /home/ivan/Ivan/my_robot/install/my_robot/share/my_robot/urdf/robot_arm.urdf
[14.671s] -- Up-to-date: /home/ivan/Ivan/my_robot/install/my_robot/share/my_robot/launch
[14.672s] -- Up-to-date: /home/ivan/Ivan/my_robot/install/my_robot/share/my_robot/launch/display.launch.py
[14.674s] -- Up-to-date: /home/ivan/Ivan/my_robot/install/my_robot/share/ament_index/resource_index/package_run_dependencies/my_robot
[14.674s] -- Up-to-date: /home/ivan/Ivan/my_robot/install/my_robot/share/ament_index/resource_index/parent_prefix_path/my_robot
[14.674s] -- Up-to-date: /home/ivan/Ivan/my_robot/install/my_robot/share/my_robot/environment/ament_prefix_path.sh
[14.674s] -- Up-to-date: /home/ivan/Ivan/my_robot/install/my_robot/share/my_robot/environment/ament_prefix_path.dsv
[14.674s] -- Up-to-date: /home/ivan/Ivan/my_robot/install/my_robot/share/my_robot/environment/path.sh
[14.675s] -- Up-to-date: /home/ivan/Ivan/my_robot/install/my_robot/share/my_robot/environment/path.dsv
[14.675s] -- Up-to-date: /home/ivan/Ivan/my_robot/install/my_robot/share/my_robot/local_setup.bash
[14.675s] -- Up-to-date: /home/ivan/Ivan/my_robot/install/my_robot/share/my_robot/local_setup.sh
[14.675s] -- Up-to-date: /home/ivan/Ivan/my_robot/install/my_robot/share/my_robot/local_setup.zsh
[14.675s] -- Up-to-date: /home/ivan/Ivan/my_robot/install/my_robot/share/my_robot/local_setup.dsv
[14.675s] -- Installing: /home/ivan/Ivan/my_robot/install/my_robot/share/my_robot/package.dsv
[14.676s] -- Up-to-date: /home/ivan/Ivan/my_robot/install/my_robot/share/ament_index/resource_index/packages/my_robot
[14.676s] -- Up-to-date: /home/ivan/Ivan/my_robot/install/my_robot/share/my_robot/cmake/my_robotConfig.cmake
[14.676s] -- Up-to-date: /home/ivan/Ivan/my_robot/install/my_robot/share/my_robot/cmake/my_robotConfig-version.cmake
[14.677s] -- Up-to-date: /home/ivan/Ivan/my_robot/install/my_robot/share/my_robot/package.xml
[14.679s] Invoked command in '/home/ivan/Ivan/my_robot/build/my_robot' returned '0': CMAKE_PREFIX_PATH=${CMAKE_PREFIX_PATH}:/opt/ros/kilted DEBUGINFOD_URLS=https://debuginfod.ubuntu.com /usr/bin/cmake --install /home/ivan/Ivan/my_robot/build/my_robot
