[0.133s] DEBUG:colcon:Command line arguments: ['/usr/bin/colcon', 'build', '--packages-select', 'my_robot']
[0.133s] DEBUG:colcon:Parsed command line arguments: Namespace(log_base=None, log_level=None, verb_name='build', build_base='build', install_base='install', merge_install=False, symlink_install=False, test_result_base=None, continue_on_error=False, executor='parallel', parallel_workers=2, event_handlers=None, ignore_user_meta=False, metas=['./colcon.meta'], base_paths=['.'], packages_ignore=None, packages_ignore_regex=None, paths=None, packages_up_to=None, packages_up_to_regex=None, packages_above=None, packages_above_and_dependencies=None, packages_above_depth=None, packages_select_by_dep=None, packages_skip_by_dep=None, packages_skip_up_to=None, packages_select_build_failed=False, packages_skip_build_finished=False, packages_select_test_failures=False, packages_skip_test_passed=False, packages_select=['my_robot'], packages_skip=None, packages_select_regex=None, packages_skip_regex=None, packages_start=None, packages_end=None, allow_overriding=[], cmake_args=None, cmake_target=None, cmake_target_skip_unavailable=False, cmake_clean_cache=False, cmake_clean_first=False, cmake_force_configure=False, ament_cmake_args=None, catkin_cmake_args=None, catkin_skip_building_tests=False, mixin_files=None, mixin=None, verb_parser=<colcon_mixin.mixin.mixin_argument.MixinArgumentDecorator object at 0x7d2dc0a96db0>, verb_extension=<colcon_core.verb.build.BuildVerb object at 0x7d2dc0a95280>, main=<bound method BuildVerb.main of <colcon_core.verb.build.BuildVerb object at 0x7d2dc0a95280>>, mixin_verb=('build',))
[0.165s] Level 1:colcon.colcon_core.package_discovery:discover_packages(colcon_meta) check parameters
[0.165s] Level 1:colcon.colcon_core.package_discovery:discover_packages(recursive) check parameters
[0.166s] Level 1:colcon.colcon_core.package_discovery:discover_packages(ignore) check parameters
[0.166s] Level 1:colcon.colcon_core.package_discovery:discover_packages(path) check parameters
[0.166s] Level 1:colcon.colcon_core.package_discovery:discover_packages(colcon_meta) discover
[0.166s] Level 1:colcon.colcon_core.package_discovery:discover_packages(recursive) discover
[0.166s] INFO:colcon.colcon_core.package_discovery:Crawling recursively for packages in '/home/ivan/Ivan/my_robot'
[0.166s] Level 1:colcon.colcon_core.package_identification:_identify(.) by extensions ['ignore', 'ignore_ament_install']
[0.166s] Level 1:colcon.colcon_core.package_identification:_identify(.) by extension 'ignore'
[0.166s] Level 1:colcon.colcon_core.package_identification:_identify(.) by extension 'ignore_ament_install'
[0.166s] Level 1:colcon.colcon_core.package_identification:_identify(.) by extensions ['colcon_pkg']
[0.166s] Level 1:colcon.colcon_core.package_identification:_identify(.) by extension 'colcon_pkg'
[0.166s] Level 1:colcon.colcon_core.package_identification:_identify(.) by extensions ['colcon_meta']
[0.166s] Level 1:colcon.colcon_core.package_identification:_identify(.) by extension 'colcon_meta'
[0.166s] Level 1:colcon.colcon_core.package_identification:_identify(.) by extensions ['ros']
[0.166s] Level 1:colcon.colcon_core.package_identification:_identify(.) by extension 'ros'
[0.187s] DEBUG:colcon.colcon_core.package_identification:Package '.' with type 'ros.ament_cmake' and name 'my_robot'
[0.187s] Level 1:colcon.colcon_core.package_discovery:discover_packages(recursive) using defaults
[0.187s] Level 1:colcon.colcon_core.package_discovery:discover_packages(ignore) discover
[0.187s] Level 1:colcon.colcon_core.package_discovery:discover_packages(ignore) using defaults
[0.187s] Level 1:colcon.colcon_core.package_discovery:discover_packages(path) discover
[0.187s] Level 1:colcon.colcon_core.package_discovery:discover_packages(path) using defaults
[0.202s] Level 1:colcon.colcon_core.package_discovery:discover_packages(prefix_path) check parameters
[0.203s] Level 1:colcon.colcon_core.package_discovery:discover_packages(prefix_path) discover
[0.205s] DEBUG:colcon.colcon_installed_package_information.package_discovery:Found 1 installed packages in /home/ivan/Ivan/my_robot/install
[0.207s] DEBUG:colcon.colcon_installed_package_information.package_discovery:Found 388 installed packages in /opt/ros/kilted
[0.209s] Level 1:colcon.colcon_core.package_discovery:discover_packages(prefix_path) using defaults
[0.246s] Level 5:colcon.colcon_core.verb:set package 'my_robot' build argument 'cmake_args' from command line to 'None'
[0.246s] Level 5:colcon.colcon_core.verb:set package 'my_robot' build argument 'cmake_target' from command line to 'None'
[0.246s] Level 5:colcon.colcon_core.verb:set package 'my_robot' build argument 'cmake_target_skip_unavailable' from command line to 'False'
[0.246s] Level 5:colcon.colcon_core.verb:set package 'my_robot' build argument 'cmake_clean_cache' from command line to 'False'
[0.246s] Level 5:colcon.colcon_core.verb:set package 'my_robot' build argument 'cmake_clean_first' from command line to 'False'
[0.246s] Level 5:colcon.colcon_core.verb:set package 'my_robot' build argument 'cmake_force_configure' from command line to 'False'
[0.246s] Level 5:colcon.colcon_core.verb:set package 'my_robot' build argument 'ament_cmake_args' from command line to 'None'
[0.246s] Level 5:colcon.colcon_core.verb:set package 'my_robot' build argument 'catkin_cmake_args' from command line to 'None'
[0.246s] Level 5:colcon.colcon_core.verb:set package 'my_robot' build argument 'catkin_skip_building_tests' from command line to 'False'
[0.246s] DEBUG:colcon.colcon_core.verb:Building package 'my_robot' with the following arguments: {'ament_cmake_args': None, 'build_base': '/home/ivan/Ivan/my_robot/build/my_robot', 'catkin_cmake_args': None, 'catkin_skip_building_tests': False, 'cmake_args': None, 'cmake_clean_cache': False, 'cmake_clean_first': False, 'cmake_force_configure': False, 'cmake_target': None, 'cmake_target_skip_unavailable': False, 'install_base': '/home/ivan/Ivan/my_robot/install/my_robot', 'merge_install': False, 'path': '/home/ivan/Ivan/my_robot', 'symlink_install': False, 'test_result_base': None}
[0.247s] INFO:colcon.colcon_core.executor:Executing jobs using 'parallel' executor
[0.247s] DEBUG:colcon.colcon_parallel_executor.executor.parallel:run_until_complete
[0.248s] INFO:colcon.colcon_ros.task.ament_cmake.build:Building ROS package in '/home/ivan/Ivan/my_robot' with build type 'ament_cmake'
[0.248s] INFO:colcon.colcon_cmake.task.cmake.build:Building CMake package in '/home/ivan/Ivan/my_robot'
[0.250s] INFO:colcon.colcon_core.plugin_system:Skipping extension 'colcon_core.shell.bat': Not used on non-Windows systems
[0.250s] INFO:colcon.colcon_core.shell:Skip shell extension 'powershell' for command environment: Not usable outside of PowerShell
[0.250s] DEBUG:colcon.colcon_core.shell:Skip shell extension 'dsv' for command environment
[0.261s] DEBUG:colcon.colcon_core.event_handler.log_command:Invoking command in '/home/ivan/Ivan/my_robot/build/my_robot': CMAKE_PREFIX_PATH=${CMAKE_PREFIX_PATH}:/opt/ros/kilted DEBUGINFOD_URLS=https://debuginfod.ubuntu.com /usr/bin/cmake --build /home/ivan/Ivan/my_robot/build/my_robot -- -j2 -l2
[5.705s] DEBUG:colcon.colcon_core.event_handler.log_command:Invoked command in '/home/ivan/Ivan/my_robot/build/my_robot' returned '2': CMAKE_PREFIX_PATH=${CMAKE_PREFIX_PATH}:/opt/ros/kilted DEBUGINFOD_URLS=https://debuginfod.ubuntu.com /usr/bin/cmake --build /home/ivan/Ivan/my_robot/build/my_robot -- -j2 -l2
[5.707s] Level 1:colcon.colcon_core.environment:create_environment_scripts_only(my_robot)
[5.713s] Level 1:colcon.colcon_core.environment:checking '/home/ivan/Ivan/my_robot/install/my_robot' for CMake module files
[5.714s] Level 1:colcon.colcon_core.environment:checking '/home/ivan/Ivan/my_robot/install/my_robot' for CMake config files
[5.715s] Level 1:colcon.colcon_core.shell:create_environment_hook('my_robot', 'cmake_prefix_path')
[5.715s] INFO:colcon.colcon_core.shell:Creating environment hook '/home/ivan/Ivan/my_robot/install/my_robot/share/my_robot/hook/cmake_prefix_path.ps1'
[5.716s] INFO:colcon.colcon_core.shell:Creating environment descriptor '/home/ivan/Ivan/my_robot/install/my_robot/share/my_robot/hook/cmake_prefix_path.dsv'
[5.717s] INFO:colcon.colcon_core.shell:Creating environment hook '/home/ivan/Ivan/my_robot/install/my_robot/share/my_robot/hook/cmake_prefix_path.sh'
[5.718s] Level 1:colcon.colcon_core.environment:checking '/home/ivan/Ivan/my_robot/install/my_robot/lib'
[5.719s] Level 1:colcon.colcon_core.environment:checking '/home/ivan/Ivan/my_robot/install/my_robot/bin'
[5.719s] Level 1:colcon.colcon_core.environment:checking '/home/ivan/Ivan/my_robot/install/my_robot/lib/pkgconfig/my_robot.pc'
[5.719s] Level 1:colcon.colcon_core.environment:checking '/home/ivan/Ivan/my_robot/install/my_robot/lib/python3.12/site-packages'
[5.719s] Level 1:colcon.colcon_core.environment:checking '/home/ivan/Ivan/my_robot/install/my_robot/bin'
[5.719s] INFO:colcon.colcon_core.shell:Creating package script '/home/ivan/Ivan/my_robot/install/my_robot/share/my_robot/package.ps1'
[5.720s] INFO:colcon.colcon_core.shell:Creating package descriptor '/home/ivan/Ivan/my_robot/install/my_robot/share/my_robot/package.dsv'
[5.721s] INFO:colcon.colcon_core.shell:Creating package script '/home/ivan/Ivan/my_robot/install/my_robot/share/my_robot/package.sh'
[5.722s] INFO:colcon.colcon_core.shell:Creating package script '/home/ivan/Ivan/my_robot/install/my_robot/share/my_robot/package.bash'
[5.723s] INFO:colcon.colcon_core.shell:Creating package script '/home/ivan/Ivan/my_robot/install/my_robot/share/my_robot/package.zsh'
[5.724s] Level 1:colcon.colcon_core.environment:create_file_with_runtime_dependencies(/home/ivan/Ivan/my_robot/install/my_robot/share/colcon-core/packages/my_robot)
[5.734s] DEBUG:colcon.colcon_parallel_executor.executor.parallel:closing loop
[5.734s] DEBUG:colcon.colcon_parallel_executor.executor.parallel:loop closed
[5.735s] DEBUG:colcon.colcon_parallel_executor.executor.parallel:run_until_complete finished with '2'
[5.735s] DEBUG:colcon.colcon_core.event_reactor:joining thread
[5.747s] INFO:colcon.colcon_core.plugin_system:Skipping extension 'colcon_notification.desktop_notification.terminal_notifier': Not used on non-Darwin systems
[5.747s] INFO:colcon.colcon_core.plugin_system:Skipping extension 'colcon_notification.desktop_notification.win32': Not used on non-Windows systems
[5.747s] INFO:colcon.colcon_notification.desktop_notification:Sending desktop notification using 'notify2'
[5.794s] DEBUG:colcon.colcon_core.event_reactor:joined thread
[5.794s] INFO:colcon.colcon_core.shell:Creating prefix script '/home/ivan/Ivan/my_robot/install/local_setup.ps1'
[5.796s] INFO:colcon.colcon_core.shell:Creating prefix util module '/home/ivan/Ivan/my_robot/install/_local_setup_util_ps1.py'
[5.798s] INFO:colcon.colcon_core.shell:Creating prefix chain script '/home/ivan/Ivan/my_robot/install/setup.ps1'
[5.799s] INFO:colcon.colcon_core.shell:Creating prefix script '/home/ivan/Ivan/my_robot/install/local_setup.sh'
[5.800s] INFO:colcon.colcon_core.shell:Creating prefix util module '/home/ivan/Ivan/my_robot/install/_local_setup_util_sh.py'
[5.801s] INFO:colcon.colcon_core.shell:Creating prefix chain script '/home/ivan/Ivan/my_robot/install/setup.sh'
[5.802s] INFO:colcon.colcon_core.shell:Creating prefix script '/home/ivan/Ivan/my_robot/install/local_setup.bash'
[5.803s] INFO:colcon.colcon_core.shell:Creating prefix chain script '/home/ivan/Ivan/my_robot/install/setup.bash'
[5.804s] INFO:colcon.colcon_core.shell:Creating prefix script '/home/ivan/Ivan/my_robot/install/local_setup.zsh'
[5.805s] INFO:colcon.colcon_core.shell:Creating prefix chain script '/home/ivan/Ivan/my_robot/install/setup.zsh'
